2021-12-23 15:39:05.374  INFO 7248 --- [main] com.RWSeparateApplication                : Starting RWSeparateApplication on PCDXIT with PID 7248 (E:\Git\zzyDM\newwor\target\classes started by Administrator in E:\Git\zzyDM\newwor)
2021-12-23 15:39:05.382  INFO 7248 --- [main] com.RWSeparateApplication                : The following profiles are active: test
2021-12-23 15:39:11.172  INFO 7248 --- [main] faultConfiguringBeanFactoryPostProcessor : No bean named 'errorChannel' has been explicitly defined. Therefore, a default PublishSubscribeChannel will be created.
2021-12-23 15:39:11.192  INFO 7248 --- [main] faultConfiguringBeanFactoryPostProcessor : No bean named 'taskScheduler' has been explicitly defined. Therefore, a default ThreadPoolTaskScheduler will be created.
2021-12-23 15:39:11.206  INFO 7248 --- [main] faultConfiguringBeanFactoryPostProcessor : No bean named 'integrationHeaderChannelRegistry' has been explicitly defined. Therefore, a default DefaultHeaderChannelRegistry will be created.
2021-12-23 15:39:11.334  INFO 7248 --- [main] trationDelegate$BeanPostProcessorChecker : Bean 'org.springframework.amqp.rabbit.annotation.RabbitBootstrapConfiguration' of type [org.springframework.amqp.rabbit.annotation.RabbitBootstrapConfiguration$$EnhancerBySpringCGLIB$$1e051323] is not eligible for getting processed by all BeanPostProcessors (for example: not eligible for auto-proxying)
2021-12-23 15:39:11.430  INFO 7248 --- [main] trationDelegate$BeanPostProcessorChecker : Bean 'org.springframework.integration.config.IntegrationManagementConfiguration' of type [org.springframework.integration.config.IntegrationManagementConfiguration$$EnhancerBySpringCGLIB$$c28b1024] is not eligible for getting processed by all BeanPostProcessors (for example: not eligible for auto-proxying)
2021-12-23 15:39:11.464  INFO 7248 --- [main] trationDelegate$BeanPostProcessorChecker : Bean 'org.springframework.transaction.annotation.ProxyTransactionManagementConfiguration' of type [org.springframework.transaction.annotation.ProxyTransactionManagementConfiguration$$EnhancerBySpringCGLIB$$579954f5] is not eligible for getting processed by all BeanPostProcessors (for example: not eligible for auto-proxying)
2021-12-23 15:39:11.537  INFO 7248 --- [main] trationDelegate$BeanPostProcessorChecker : Bean 'integrationDisposableAutoCreatedBeans' of type [org.springframework.integration.config.annotation.Disposables] is not eligible for getting processed by all BeanPostProcessors (for example: not eligible for auto-proxying)
2021-12-23 15:39:12.154  INFO 7248 --- [main] o.s.b.w.embedded.tomcat.TomcatWebServer  : Tomcat initialized with port(s): 9099 (http)
2021-12-23 15:39:12.206  INFO 7248 --- [main] o.apache.catalina.core.StandardService   : Starting service [Tomcat]
2021-12-23 15:39:12.207  INFO 7248 --- [main] org.apache.catalina.core.StandardEngine  : Starting Servlet engine: [Apache Tomcat/9.0.16]
2021-12-23 15:39:12.220  INFO 7248 --- [main] o.a.catalina.core.AprLifecycleListener   : The APR based Apache Tomcat Native library which allows optimal performance in production environments was not found on the java.library.path: [E:\JDK\bin;C:\Windows\Sun\Java\bin;C:\Windows\system32;C:\Windows;E:\JDK/bin;E:\apache-maven-3.8.4\bin;E:\mysql-5.7.24-winx64\mysql-5.7.24-winx64\bin;E:\UE;E:\安装包\UE;C:\Program Files\Intel\WiFi\bin\;C:\Program Files\Common Files\Intel\WirelessCommon\;.]
2021-12-23 15:39:12.390  INFO 7248 --- [main] o.a.c.c.C.[Tomcat].[localhost].[/]       : Initializing Spring embedded WebApplicationContext
2021-12-23 15:39:12.392  INFO 7248 --- [main] o.s.web.context.ContextLoader            : Root WebApplicationContext: initialization completed in 6894 ms
2021-12-23 15:39:15.851  INFO 7248 --- [main] o.s.s.c.ThreadPoolTaskScheduler          : Initializing ExecutorService 'taskScheduler'
2021-12-23 15:39:16.122  INFO 7248 --- [main] o.s.i.endpoint.EventDrivenConsumer       : Adding {logging-channel-adapter:_org.springframework.integration.errorLogger} as a subscriber to the 'errorChannel' channel
2021-12-23 15:39:16.123  INFO 7248 --- [main] o.s.i.channel.PublishSubscribeChannel    : Channel 'newwork.errorChannel' has 1 subscriber(s).
2021-12-23 15:39:16.124  INFO 7248 --- [main] o.s.i.endpoint.EventDrivenConsumer       : started _org.springframework.integration.errorLogger
2021-12-23 15:39:16.213  INFO 7248 --- [main] o.s.b.w.embedded.tomcat.TomcatWebServer  : Tomcat started on port(s): 9099 (http) with context path ''
2021-12-23 15:39:16.221  INFO 7248 --- [main] com.RWSeparateApplication                : Started RWSeparateApplication in 12.209 seconds (JVM running for 14.765)
2021-12-23 15:40:06.247  INFO 7248 --- [Thread-23] o.s.i.endpoint.EventDrivenConsumer       : Removing {logging-channel-adapter:_org.springframework.integration.errorLogger} as a subscriber to the 'errorChannel' channel
2021-12-23 15:40:06.248  INFO 7248 --- [Thread-23] o.s.i.channel.PublishSubscribeChannel    : Channel 'newwork.errorChannel' has 0 subscriber(s).
2021-12-23 15:40:06.248  INFO 7248 --- [Thread-23] o.s.i.endpoint.EventDrivenConsumer       : stopped _org.springframework.integration.errorLogger
2021-12-23 15:40:06.249  INFO 7248 --- [Thread-23] o.s.s.c.ThreadPoolTaskScheduler          : Shutting down ExecutorService 'taskScheduler'
2021-12-23 15:40:14.649  INFO 6168 --- [main] com.RWSeparateApplication                : Starting RWSeparateApplication on PCDXIT with PID 6168 (E:\Git\zzyDM\newwor\target\classes started by Administrator in E:\Git\zzyDM\newwor)
2021-12-23 15:40:14.666  INFO 6168 --- [main] com.RWSeparateApplication                : No active profile set, falling back to default profiles: default
2021-12-23 15:40:19.661  INFO 6168 --- [main] faultConfiguringBeanFactoryPostProcessor : No bean named 'errorChannel' has been explicitly defined. Therefore, a default PublishSubscribeChannel will be created.
2021-12-23 15:40:19.677  INFO 6168 --- [main] faultConfiguringBeanFactoryPostProcessor : No bean named 'taskScheduler' has been explicitly defined. Therefore, a default ThreadPoolTaskScheduler will be created.
2021-12-23 15:40:19.687  INFO 6168 --- [main] faultConfiguringBeanFactoryPostProcessor : No bean named 'integrationHeaderChannelRegistry' has been explicitly defined. Therefore, a default DefaultHeaderChannelRegistry will be created.
2021-12-23 15:40:19.781  INFO 6168 --- [main] trationDelegate$BeanPostProcessorChecker : Bean 'org.springframework.amqp.rabbit.annotation.RabbitBootstrapConfiguration' of type [org.springframework.amqp.rabbit.annotation.RabbitBootstrapConfiguration$$EnhancerBySpringCGLIB$$ce5902eb] is not eligible for getting processed by all BeanPostProcessors (for example: not eligible for auto-proxying)
2021-12-23 15:40:19.842  INFO 6168 --- [main] trationDelegate$BeanPostProcessorChecker : Bean 'org.springframework.integration.config.IntegrationManagementConfiguration' of type [org.springframework.integration.config.IntegrationManagementConfiguration$$EnhancerBySpringCGLIB$$72deffec] is not eligible for getting processed by all BeanPostProcessors (for example: not eligible for auto-proxying)
2021-12-23 15:40:19.867  INFO 6168 --- [main] trationDelegate$BeanPostProcessorChecker : Bean 'org.springframework.transaction.annotation.ProxyTransactionManagementConfiguration' of type [org.springframework.transaction.annotation.ProxyTransactionManagementConfiguration$$EnhancerBySpringCGLIB$$7ed44bd] is not eligible for getting processed by all BeanPostProcessors (for example: not eligible for auto-proxying)
2021-12-23 15:40:19.934  INFO 6168 --- [main] trationDelegate$BeanPostProcessorChecker : Bean 'integrationDisposableAutoCreatedBeans' of type [org.springframework.integration.config.annotation.Disposables] is not eligible for getting processed by all BeanPostProcessors (for example: not eligible for auto-proxying)
2021-12-23 15:40:20.605  INFO 6168 --- [main] o.s.b.w.embedded.tomcat.TomcatWebServer  : Tomcat initialized with port(s): 9099 (http)
2021-12-23 15:40:20.663  INFO 6168 --- [main] o.apache.catalina.core.StandardService   : Starting service [Tomcat]
2021-12-23 15:40:20.664  INFO 6168 --- [main] org.apache.catalina.core.StandardEngine  : Starting Servlet engine: [Apache Tomcat/9.0.16]
2021-12-23 15:40:20.684  INFO 6168 --- [main] o.a.catalina.core.AprLifecycleListener   : The APR based Apache Tomcat Native library which allows optimal performance in production environments was not found on the java.library.path: [E:\JDK\bin;C:\Windows\Sun\Java\bin;C:\Windows\system32;C:\Windows;E:\JDK/bin;E:\apache-maven-3.8.4\bin;E:\mysql-5.7.24-winx64\mysql-5.7.24-winx64\bin;E:\UE;E:\安装包\UE;C:\Program Files\Intel\WiFi\bin\;C:\Program Files\Common Files\Intel\WirelessCommon\;.]
2021-12-23 15:40:20.902  INFO 6168 --- [main] o.a.c.c.C.[Tomcat].[localhost].[/]       : Initializing Spring embedded WebApplicationContext
2021-12-23 15:40:20.903  INFO 6168 --- [main] o.s.web.context.ContextLoader            : Root WebApplicationContext: initialization completed in 6130 ms
2021-12-23 15:40:23.783  INFO 6168 --- [main] o.s.s.c.ThreadPoolTaskScheduler          : Initializing ExecutorService 'taskScheduler'
2021-12-23 15:40:24.043  INFO 6168 --- [main] o.s.i.endpoint.EventDrivenConsumer       : Adding {logging-channel-adapter:_org.springframework.integration.errorLogger} as a subscriber to the 'errorChannel' channel
2021-12-23 15:40:24.044  INFO 6168 --- [main] o.s.i.channel.PublishSubscribeChannel    : Channel 'newwork.errorChannel' has 1 subscriber(s).
2021-12-23 15:40:24.045  INFO 6168 --- [main] o.s.i.endpoint.EventDrivenConsumer       : started _org.springframework.integration.errorLogger
2021-12-23 15:40:24.128  INFO 6168 --- [main] o.s.b.w.embedded.tomcat.TomcatWebServer  : Tomcat started on port(s): 9099 (http) with context path ''
2021-12-23 15:40:24.136  INFO 6168 --- [main] com.RWSeparateApplication                : Started RWSeparateApplication in 10.538 seconds (JVM running for 12.856)
2021-12-23 15:42:26.908  INFO 6168 --- [Thread-23] o.s.i.endpoint.EventDrivenConsumer       : Removing {logging-channel-adapter:_org.springframework.integration.errorLogger} as a subscriber to the 'errorChannel' channel
2021-12-23 15:42:26.909  INFO 6168 --- [Thread-23] o.s.i.channel.PublishSubscribeChannel    : Channel 'newwork.errorChannel' has 0 subscriber(s).
2021-12-23 15:42:26.910  INFO 6168 --- [Thread-23] o.s.i.endpoint.EventDrivenConsumer       : stopped _org.springframework.integration.errorLogger
2021-12-23 15:42:26.912  INFO 6168 --- [Thread-23] o.s.s.c.ThreadPoolTaskScheduler          : Shutting down ExecutorService 'taskScheduler'
